build/outputs/logs/manifest-merger-debug-report.txt
-- Merging decision tree log ---
manifest
ADDED from AndroidMQTT\AndroidManifest.xml:2:1-56:12
INJECTED from AndroidMQTT\AndroidManifest.xml:2:1-56:12
INJECTED from AndroidMQTT\AndroidManifest.xml:2:1-56:12
INJECTED from AndroidMQTT\AndroidManifest.xml:2:1-56:12
MERGED from [com.android.support.constraint:constraint-layout:1.1.3] AndroidManifest.xml:2:1-11:12
INJECTED from AndroidMQTT\AndroidManifest.xml:2:1-56:12
INJECTED from AndroidMQTT\AndroidManifest.xml:2:1-56:12
INJECTED from AndroidMQTT\AndroidManifest.xml:2:1-56:12
	package
		ADDED from AndroidMQTT\AndroidManifest.xml:3:5-54
		INJECTED from AndroidMQTT\AndroidManifest.xml
		INJECTED from AndroidMQTT\AndroidManifest.xml
	android:versionName
		ADDED from AndroidMQTT\AndroidManifest.xml:5:5-30
		INJECTED from AndroidMQTT\AndroidManifest.xml
		INJECTED from AndroidMQTT\AndroidManifest.xml
	xmlns:android
		ADDED from AndroidMQTT\AndroidManifest.xml:2:11-69
	android:versionCode
		ADDED from AndroidMQTT\AndroidManifest.xml:4:5-28
		INJECTED from AndroidMQTT\AndroidManifest.xml
		INJECTED from AndroidMQTT\AndroidManifest.xml
uses-permission#android.permission.WAKE_LOCK
ADDED from AndroidMQTT\AndroidManifest.xml:8:5-68
	android:name
		ADDED from AndroidMQTT\AndroidManifest.xml:8:22-65
uses-permission#android.permission.INTERNET
ADDED from AndroidMQTT\AndroidManifest.xml:9:5-67
	android:name
		ADDED from AndroidMQTT\AndroidManifest.xml:9:22-64
uses-permission#android.permission.WRITE_EXTERNAL_STORAGE
ADDED from AndroidMQTT\AndroidManifest.xml:10:5-81
	android:name
		ADDED from AndroidMQTT\AndroidManifest.xml:10:22-78
uses-permission#android.permission.ACCESS_NETWORK_STATE
ADDED from AndroidMQTT\AndroidManifest.xml:11:5-79
	android:name
		ADDED from AndroidMQTT\AndroidManifest.xml:11:22-76
application
ADDED from AndroidMQTT\AndroidManifest.xml:13:5-54:19
MERGED from [com.android.support.constraint:constraint-layout:1.1.3] AndroidManifest.xml:9:5-20
MERGED from [com.android.support.constraint:constraint-layout:1.1.3] AndroidManifest.xml:9:5-20
	android:label
		ADDED from AndroidMQTT\AndroidManifest.xml:16:9-41
	android:icon
		ADDED from AndroidMQTT\AndroidManifest.xml:15:9-45
	android:allowBackup
		ADDED from AndroidMQTT\AndroidManifest.xml:14:9-35
	android:theme
		ADDED from AndroidMQTT\AndroidManifest.xml:17:9-40
service#org.eclipse.paho.android.service.MqttService
ADDED from AndroidMQTT\AndroidManifest.xml:20:9-80
	android:name
		ADDED from AndroidMQTT\AndroidManifest.xml:20:18-77
activity#org.eclipse.paho.android.service.sample.ClientConnections
ADDED from AndroidMQTT\AndroidManifest.xml:23:9-29:20
	android:name
		ADDED from AndroidMQTT\AndroidManifest.xml:23:19-52
intent-filter#action:name:android.intent.action.MAIN+category:name:android.intent.category.LAUNCHER
ADDED from AndroidMQTT\AndroidManifest.xml:24:13-28:29
action#android.intent.action.MAIN
ADDED from AndroidMQTT\AndroidManifest.xml:25:17-69
	android:name
		ADDED from AndroidMQTT\AndroidManifest.xml:25:25-66
category#android.intent.category.LAUNCHER
ADDED from AndroidMQTT\AndroidManifest.xml:27:17-77
	android:name
		ADDED from AndroidMQTT\AndroidManifest.xml:27:27-74
activity#org.eclipse.paho.android.service.sample.NewConnection
ADDED from AndroidMQTT\AndroidManifest.xml:32:9-34:69
	android:label
		ADDED from AndroidMQTT\AndroidManifest.xml:34:13-66
	android:name
		ADDED from AndroidMQTT\AndroidManifest.xml:33:13-42
activity#org.eclipse.paho.android.service.sample.Advanced
ADDED from AndroidMQTT\AndroidManifest.xml:37:9-39:63
	android:label
		ADDED from AndroidMQTT\AndroidManifest.xml:39:13-60
	android:name
		ADDED from AndroidMQTT\AndroidManifest.xml:38:13-37
activity#org.eclipse.paho.android.service.sample.LastWill
ADDED from AndroidMQTT\AndroidManifest.xml:42:9-44:64
	android:label
		ADDED from AndroidMQTT\AndroidManifest.xml:44:13-61
	android:name
		ADDED from AndroidMQTT\AndroidManifest.xml:43:13-37
activity#org.eclipse.paho.android.service.sample.ConnectionDetails
ADDED from AndroidMQTT\AndroidManifest.xml:47:9-49:73
	android:label
		ADDED from AndroidMQTT\AndroidManifest.xml:49:13-70
	android:name
		ADDED from AndroidMQTT\AndroidManifest.xml:48:13-46
activity#org.eclipse.paho.android.service.example.PahoExampleActivity
ADDED from AndroidMQTT\AndroidManifest.xml:50:9-97
	android:name
		ADDED from AndroidMQTT\AndroidManifest.xml:50:19-94
activity#org.eclipse.paho.android.service.example.MainActivity
ADDED from AndroidMQTT\AndroidManifest.xml:51:9-53:68
	android:label
		ADDED from AndroidMQTT\AndroidManifest.xml:53:13-56
	android:name
		ADDED from AndroidMQTT\AndroidManifest.xml:52:13-81
uses-sdk
INJECTED from AndroidMQTT\AndroidManifest.xml reason: use-sdk injection requested
INJECTED from AndroidMQTT\AndroidManifest.xml
INJECTED from AndroidMQTT\AndroidManifest.xml
MERGED from [com.android.support.constraint:constraint-layout:1.1.3] AndroidManifest.xml:5:5-7:41
MERGED from [com.android.support.constraint:constraint-layout:1.1.3] AndroidManifest.xml:5:5-7:41
INJECTED from AndroidMQTT\AndroidManifest.xml
INJECTED from AndroidMQTT\AndroidManifest.xml
	android:targetSdkVersion
		INJECTED from AndroidMQTT\AndroidManifest.xml
		ADDED from AndroidMQTT\AndroidManifest.xml
		INJECTED from AndroidMQTT\AndroidManifest.xml
	android:minSdkVersion
		INJECTED from AndroidMQTT\AndroidManifest.xml
		ADDED from AndroidMQTT\AndroidManifest.xml
		INJECTED from AndroidMQTT\AndroidManifest.xml